[debug] [2022-08-06T15:42:19.083Z] ----------------------------------------------------------------------
[debug] [2022-08-06T15:42:19.112Z] Command:       D:\laragon\bin\nodejs\node-v16.16.0\node.exe D:\laragon\bin\nodejs\node-v16.16.0\node_modules\firebase-tools\lib\bin\firebase.js init
[debug] [2022-08-06T15:42:19.114Z] CLI Version:   11.4.2
[debug] [2022-08-06T15:42:19.115Z] Platform:      win32
[debug] [2022-08-06T15:42:19.115Z] Node Version:  v16.16.0
[debug] [2022-08-06T15:42:19.136Z] Time:          Sat Aug 06 2022 21:12:19 GMT+0530 (India Standard Time)
[debug] [2022-08-06T15:42:19.137Z] ----------------------------------------------------------------------
[debug] 
[debug] [2022-08-06T15:42:19.150Z] >>> [apiv2][query] GET https://firebase-public.firebaseio.com/cli.json [none]
[debug] [2022-08-06T15:42:19.278Z] > command requires scopes: ["email","openid","https://www.googleapis.com/auth/cloudplatformprojects.readonly","https://www.googleapis.com/auth/firebase","https://www.googleapis.com/auth/cloud-platform"]
[debug] [2022-08-06T15:42:19.280Z] > authorizing via signed-in user (chintandhokai97@gmail.com)
[info] 
     ######## #### ########  ######## ########     ###     ######  ########
     ##        ##  ##     ## ##       ##     ##  ##   ##  ##       ##
     ######    ##  ########  ######   ########  #########  ######  ######
     ##        ##  ##    ##  ##       ##     ## ##     ##       ## ##
     ##       #### ##     ## ######## ########  ##     ##  ######  ########

You're about to initialize a Firebase project in this directory:

  D:\Development\GoodGame-Angular-Ecommerce-main

[debug] [2022-08-06T15:42:20.025Z] <<< [apiv2][status] GET https://firebase-public.firebaseio.com/cli.json 200
[debug] [2022-08-06T15:42:20.026Z] <<< [apiv2][body] GET https://firebase-public.firebaseio.com/cli.json {"cloudBuildErrorAfter":1594252800000,"cloudBuildWarnAfter":1590019200000,"defaultNode10After":1594252800000,"minVersion":"3.0.5","node8DeploysDisabledAfter":1613390400000,"node8RuntimeDisabledAfter":1615809600000,"node8WarnAfter":1600128000000}
[info] 
=== Project Setup
[info] 
[info] First, let's associate this project directory with a Firebase project.
[info] You can create multiple project aliases by running firebase use --add, 
[info] but for now we'll just set up a default project.
[info] 
[debug] [2022-08-06T15:42:42.213Z] > refreshing access token with scopes: []
[debug] [2022-08-06T15:42:42.215Z] >>> [apiv2][query] POST https://www.googleapis.com/oauth2/v3/token [none]
[debug] [2022-08-06T15:42:42.215Z] >>> [apiv2][body] POST https://www.googleapis.com/oauth2/v3/token [omitted]
[debug] [2022-08-06T15:42:42.498Z] <<< [apiv2][status] POST https://www.googleapis.com/oauth2/v3/token 200
[debug] [2022-08-06T15:42:42.499Z] <<< [apiv2][body] POST https://www.googleapis.com/oauth2/v3/token [omitted]
[debug] [2022-08-06T15:42:42.523Z] >>> [apiv2][query] GET https://firebase.googleapis.com/v1beta1/projects pageSize=100
[debug] [2022-08-06T15:42:43.610Z] <<< [apiv2][status] GET https://firebase.googleapis.com/v1beta1/projects 200
[debug] [2022-08-06T15:42:43.611Z] <<< [apiv2][body] GET https://firebase.googleapis.com/v1beta1/projects [omitted]
